<?xml version="1.0" encoding="UTF-8"?>
<!-- Generated by org.testng.reporters.JUnitReportReporter -->
<testsuite skipped="0" hostname="Meganaths-MacBook-Pro.local" name="grammarlyExtTest.grammarly" tests="3" failures="0" timestamp="2022-11-20T15:42:51 PST" time="193.287" errors="0">
  <testcase name="testCase1CheckingGrammarlyInstalled" time="29.386" classname="grammarlyExtTest.grammarly"/>
  <system-out/>
  <testcase name="testCase2CheckingPositiveResponse" time="67.289" classname="grammarlyExtTest.grammarly"/>
  <system-out/>
  <testcase name="testCase3CheckingNegativeResponse" time="96.612" classname="grammarlyExtTest.grammarly"/>
  <system-out/>
</testsuite> <!-- grammarlyExtTest.grammarly -->
